<?xml version="1.0" encoding="UTF-8"?>
<!-- Generated by org.testng.reporters.JUnitXMLReporter -->
<testsuite hostname="PC" name="firefox" tests="6" failures="0" timestamp="15 Mar 2014 15:38:14 GMT" time="42.976" errors="0">
  <testcase name="testAdvancedSearch" time="7.025" classname="go.mail.ru.tests.SimpleTest"/>
  <testcase name="testImageOnMainPage" time="13.203" classname="go.mail.ru.tests.SimpleTest"/>
  <testcase name="testPlaceholderSearchForm" time="0.099" classname="go.mail.ru.tests.SimpleTest"/>
  <testcase name="testResult" time="4.384" classname="go.mail.ru.tests.SimpleTest"/>
  <testcase name="testSuggests" time="1.114" classname="go.mail.ru.tests.SimpleTest"/>
  <testcase name="testTopMenu" time="2.684" classname="go.mail.ru.tests.SimpleTest"/>
</testsuite> <!-- firefox -->
